<?xml version="1.0" encoding="UTF-8"?>
<!-- Generated by org.testng.reporters.JUnitXMLReporter -->
<testsuite hostname="DESKTOP-4TNIGFG" name="Test Cases" tests="1" failures="0" timestamp="11 Sep 2020 17:46:14 GMT" time="15.202" errors="0">
  <testcase name="@AfterMethod tearDown" time="0.0" classname="com.qa.testcases.HomePageTest">
    <failure type="java.lang.NullPointerException">
      <![CDATA[java.lang.NullPointerException
	at com.qa.testcases.HomePageTest.tearDown(HomePageTest.java:45)
... Removed 26 stack frames]]>
    </failure>
  </testcase> <!-- @AfterMethod tearDown -->
  <testcase name="seatBooking" time="4.603" classname="com.qa.testcases.HomePageTest"/>
</testsuite> <!-- Test Cases -->
